"../../../Engine/Content/Functions/Engine_MaterialFunctions01/Opacity/CameraDepthFade.uasset" 0
"../../../Engine/Content/EngineMaterials/T_Default_Material_Grid_M.uasset" 1
"../../../Engine/Content/EngineMaterials/T_Default_Material_Grid_N.uasset" 2
"../../../Engine/Content/EngineMaterials/DefaultMaterial.uasset" 3
"../../../Engine/Content/BasicShapes/Cone.uasset" 4
"../../../Engine/Content/BasicShapes/Cylinder.uasset" 5
"../../../Engine/Content/BasicShapes/Sphere.uasset" 6
"../../../Engine/Content/EditorLandscapeResources/DataLayer.uasset" 7
"../../../Engine/Content/EditorMaterials/GizmoMaterial.uasset" 8
"../../../Engine/Content/EditorMaterials/MAT_Groups_Toggle.uasset" 9
"../../../Engine/Content/EditorMaterials/MAT_Groups_Visibility.uasset" 10
"../../../Engine/Content/EditorMaterials/PreviewShadowIndicator.uasset" 11
"../../../Engine/Content/EditorMaterials/PreviewShadowIndicatorMaterial.uasset" 12
"../../../Engine/Content/EditorMaterials/AssetViewer/EpicQuadPanorama_CC+EV1.uasset" 13
"../../../Engine/Content/EditorMaterials/MatineeGroups/MAT_ColorTrack.uasset" 14
"../../../Engine/Content/EditorMaterials/MatineeGroups/MAT_Groups_Anim.uasset" 15
"../../../Engine/Content/EditorMaterials/MatineeGroups/MAT_Groups_AudioMaster.uasset" 16
"../../../Engine/Content/EditorMaterials/MatineeGroups/MAT_Groups_Director.uasset" 17
"../../../Engine/Content/EditorMaterials/MatineeGroups/MAT_Groups_Event.uasset" 18
"../../../Engine/Content/EditorMaterials/MatineeGroups/MAT_Groups_Fade.uasset" 19
"../../../Engine/Content/EditorMaterials/MatineeGroups/MAT_Groups_Float.uasset" 20
"../../../Engine/Content/EditorMaterials/MatineeGroups/MAT_Groups_Move.uasset" 21
"../../../Engine/Content/EditorMaterials/MatineeGroups/MAT_Groups_Slomo.uasset" 22
"../../../Engine/Content/EditorMaterials/MatineeGroups/MAT_Groups_Sound.uasset" 23
"../../../Engine/Content/EditorMaterials/MatineeGroups/MAT_Groups_Vector.uasset" 24
"../../../Engine/Content/EditorMaterials/ParticleSystems/PSysThumbnail_NoImage.uasset" 25
"../../../Engine/Content/EditorMaterials/ParticleSystems/PSysThumbnail_OOD.uasset" 26
"../../../Engine/Content/EditorMaterials/Camera/CineMat.uasset" 27
"../../../Engine/Content/EditorMaterials/Camera/MI_CineMat_Rig.uasset" 28
"../../../Engine/Content/EditorMeshes/Camera/SM_CraneRig_Arm.uasset" 29
"../../../Engine/Content/EditorMeshes/Camera/SM_CraneRig_Base.uasset" 30
"../../../Engine/Content/EditorMeshes/Camera/SM_CraneRig_Body.uasset" 31
"../../../Engine/Content/EditorMeshes/Camera/SM_CraneRig_Mount.uasset" 32
"../../../Engine/Content/EditorMeshes/Camera/SM_RailRig_Mount.uasset" 33
"../../../Engine/Content/EditorMeshes/Camera/SM_RailRig_Track.uasset" 34
"../../../Engine/Content/EditorResources/BSPVertex.uasset" 35
"../../../Engine/Content/EditorResources/EmptyActor.uasset" 36
"../../../Engine/Content/EditorResources/RGBTable16x1_AssetViewer.uasset" 37
"../../../Engine/Content/EditorResources/S_Actor.uasset" 38
"../../../Engine/Content/EditorResources/S_Trigger.uasset" 39
"../../../Engine/Content/EditorResources/AudioIcons/S_AudioComponent.uasset" 40
"../../../Engine/Content/EditorResources/AudioIcons/S_AudioComponent_AutoActivate.uasset" 41
"../../../Engine/Content/EditorResources/LightIcons/S_LightError.uasset" 42
"../../../Engine/Content/EditorResources/SequenceRecorder/Countdown.uasset" 43
"../../../Engine/Content/EditorResources/SequenceRecorder/RecordingIndicator.uasset" 44
"../../../Engine/Content/EditorSounds/Notifications/CompileFailed.uasset" 45
"../../../Engine/Content/EditorSounds/Notifications/CompileFailed_Cue.uasset" 46
"../../../Engine/Content/EditorSounds/Notifications/CompileSuccess.uasset" 47
"../../../Engine/Content/EditorSounds/Notifications/CompileStart_Cue.uasset" 48
"../../../Engine/Content/EditorSounds/Notifications/CompileSuccess_Cue.uasset" 49
"../../../Engine/Content/EngineDamageTypes/DmgTypeBP_Environmental.uasset" 50
"../../../Engine/Content/EngineDebugMaterials/HeatmapGradient.uasset" 51
"../../../Engine/Content/EngineDebugMaterials/BoneWeightMaterial.uasset" 52
"../../../Engine/Content/EngineDebugMaterials/DebugMeshMaterial.uasset" 53
"../../../Engine/Content/EngineDebugMaterials/GeomMaterial.uasset" 54
"../../../Engine/Content/EngineFonts/Roboto.uasset" 55
"../../../Engine/Content/EngineFonts/RobotoTiny.uasset" 56
"../../../Engine/Content/EngineMaterials/DefaultBokeh.uasset" 57
"../../../Engine/Content/EngineMaterials/DefaultDiffuse.uasset" 58
"../../../Engine/Content/EngineMaterials/DefaultDeferredDecalMaterial.uasset" 59
"../../../Engine/Content/EngineMaterials/DefaultLightFunctionMaterial.uasset" 60
"../../../Engine/Content/Functions/Engine_MaterialFunctions02/Utility/BreakOutFloat2Components.uasset" 61
"../../../Engine/Content/EngineMaterials/DefaultPostProcessMaterial.uasset" 62
"../../../Engine/Content/EngineFonts/RobotoDistanceField.uasset" 63
"../../../Engine/Content/EngineMaterials/DefaultTextMaterialOpaque.uasset" 64
"../../../Engine/Content/EngineMaterials/DefaultWhiteGrid.uasset" 65
"../../../Engine/Content/EngineMaterials/EditorBrushMaterial.uasset" 66
"../../../Engine/Content/EngineMaterials/MiniFont.uasset" 67
"../../../Engine/Content/EngineMaterials/InvalidLightmapSettings.uasset" 68
"../../../Engine/Content/EngineMaterials/M_InvalidLightmapSettings.uasset" 69
"../../../Engine/Content/EngineMaterials/PhAT_JointLimitMaterial.uasset" 70
"../../../Engine/Content/EngineMaterials/PreintegratedSkinBRDF.uasset" 71
"../../../Engine/Content/EngineMaterials/RemoveSurfaceMaterial.uasset" 72
"../../../Engine/Content/EngineMaterials/WeightMapPlaceholderTexture.uasset" 73
"../../../Engine/Content/EngineResources/WhiteSquareTexture.uasset" 74
"../../../Engine/Content/EngineMaterials/Widget3DPassThrough.uasset" 75
"../../../Engine/Content/EngineMaterials/Widget3DPassThrough_Masked.uasset" 76
"../../../Engine/Content/EngineMaterials/Widget3DPassThrough_Opaque.uasset" 77
"../../../Engine/Content/EngineMaterials/Widget3DPassThrough_Masked_OneSided.uasset" 78
"../../../Engine/Content/EngineMaterials/Widget3DPassThrough_Opaque_OneSided.uasset" 79
"../../../Engine/Content/EngineMaterials/Widget3DPassThrough_Translucent.uasset" 80
"../../../Engine/Content/EngineMaterials/Widget3DPassThrough_Translucent_OneSided.uasset" 81
"../../../Engine/Content/EngineMeshes/Cylinder.uasset" 82
"../../../Engine/Content/EngineMeshes/Sphere.uasset" 83
"../../../Engine/Content/EngineResources/AICON-Green.uasset" 84
"../../../Engine/Content/EngineResources/AICON-Red.uasset" 85
"../../../Engine/Content/EngineResources/Black.uasset" 86
"../../../Engine/Content/EngineResources/DefaultTexture.uasset" 87
"../../../Engine/Content/EngineResources/DefaultTextureCube.uasset" 88
"../../../Engine/Content/EngineResources/GradientTexture0.uasset" 89
"../../../Engine/Content/EngineSounds/Master.uasset" 90
"../../../Engine/Content/EngineSounds/MasterSubmix.uasset" 91
"../../../Engine/Content/EngineTireTypes/DefaultTireType.uasset" 92
"../../../Engine/Content/Functions/Engine_MaterialFunctions01/Shading/ConvertFromDiffSpec.uasset" 93
"../../../Engine/Content/Functions/Engine_MaterialFunctions01/Shading/PowerToRoughness.uasset" 94
"../../../Engine/Content/Maps/Templates/Thumbnails/Default.uasset" 95
"../../../Engine/Content/Maps/Templates/Thumbnails/VR-Basic.uasset" 96
"../../../Engine/Content/MobileResources/T_MobileControls_texture.uasset" 97
"../../../Engine/Content/MobileResources/T_MobileMenu2.uasset" 98
"../../../Engine/Content/MobileResources/HUD/AnalogHat.uasset" 99
"../../../Engine/Content/MobileResources/HUD/VirtualJoystick_Background.uasset" 100
"../../../Engine/Content/MobileResources/HUD/VirtualJoystick_Thumb.uasset" 101
"../../../Engine/Content/MobileResources/HUD/DefaultVirtualJoysticks.uasset" 102
"../../../Engine/Content/MobileResources/HUD/LeftVirtualJoystickOnly.uasset" 103
"../../../Engine/Content/MobileResources/HUD/MobileHUDButton1_off.uasset" 104
"../../../Engine/Content/MobileResources/HUD/MobileHUDButton1_on.uasset" 105
"../../../Engine/Content/MobileResources/HUD/MobileHUDButton2_off.uasset" 106
"../../../Engine/Content/MobileResources/HUD/MobileHUDButton2_on.uasset" 107
"../../../Engine/Content/MobileResources/HUD/MobileHUDButton3.uasset" 108
"../../../Engine/Content/MobileResources/HUD/MobileHUDButtonFire.uasset" 109
"../../../Engine/Content/MobileResources/HUD/MobileHUDDirectionPad.uasset" 110
"../../../Engine/Content/MobileResources/HUD/MobileHUDDirectionPad2.uasset" 111
"../../../Engine/Content/MobileResources/HUD/MobileHUDDirectionPad3.uasset" 112
"../../../Engine/Content/MobileResources/HUD/MobileHUDDirectionStick.uasset" 113
"../../../Engine/Content/MobileResources/HUD/T_Castle_ThumbstickInner.uasset" 114
"../../../Engine/Content/MobileResources/HUD/T_Castle_ThumbstickOutter.uasset" 115
"../../../Engine/Content/Tutorial/ContentIntroCurve.uasset" 116
"../../../Engine/Content/Tutorial/Basics/LevelEditorAttract.uasset" 117
"../../../Engine/Content/Tutorial/Basics/TutorialAssets/icon_tab_Levels_40x.uasset" 118
"../../../Engine/Content/Tutorial/Basics/LevelEditorOverview.uasset" 119
"../../../Engine/Content/Tutorial/BlueprintTutorials/TutorialAssets/Blueprint_64x.uasset" 120
"../../../Engine/Content/Tutorial/BlueprintTutorials/BlueprintEditorTutorial.uasset" 121
"../../../Engine/Content/Tutorial/BlueprintTutorials/TutorialAssets/BlueprintInterface_64x.uasset" 122
"../../../Engine/Content/Tutorial/BlueprintTutorials/BlueprintInterfacesEditorOverview.uasset" 123
"../../../Engine/Content/Tutorial/BlueprintTutorials/TutorialAssets/BlueprintMacroLibrary_64x.uasset" 124
"../../../Engine/Content/Tutorial/BlueprintTutorials/BlueprintMacroLibrariesEditorOverview.uasset" 125
"../../../Engine/Content/Tutorial/BlueprintTutorials/LevelBlueprintEditorOverview.uasset" 126
"../../../Engine/Content/Tutorial/Foliage/TutorialAssets/Foliage.uasset" 127
"../../../Engine/Content/Tutorial/Foliage/Foliage_Intro_Tutorial.uasset" 128
"../../../Engine/Content/Tutorial/Paper2D/TutorialAssets/Paper2DFlipbook_TutorialIcon.uasset" 129
"../../../Engine/Content/Tutorial/Paper2D/FlipbookEditorTutorial.uasset" 130
"../../../Engine/Content/Tutorial/Paper2D/TutorialAssets/Paper2DSprite_TutorialIcon.uasset" 131
"../../../Engine/Content/Tutorial/Paper2D/SpriteEditorTutorial.uasset" 132
"../../../Engine/Content/Tutorial/SubEditors/DestructibleMeshEditorTutorial.uasset" 133
"../../../Engine/Content/Tutorial/SubEditors/MaterialEditorTutorial.uasset" 134
"../../../Engine/Content/Tutorial/SubEditors/ParticleSystemEditorTutorial.uasset" 135
"../../../Engine/Content/Tutorial/SubEditors/TutorialAssets/icon_ShowSkeletalMeshes_40x.uasset" 136
"../../../Engine/Content/Tutorial/SubEditors/PersonaAnimEditorWalkthrough.uasset" 137
"../../../Engine/Content/Tutorial/SubEditors/StaticMeshEditorTutorial.uasset" 138
"../../../Engine/Content/Tutorial/SubEditors/TutorialAssets/icon_Editor_Preferences_General_40x.uasset" 139
"../../../Engine/Content/VREditor/Devices/Generic/GenericHMDMaterial.uasset" 140
"../../../Engine/Content/VREditor/Devices/Generic/GenericHMD.uasset" 141
"../../../Engine/Content/VREditor/FloatingText/LineMaterial.uasset" 142
"../../../Engine/Content/VREditor/FloatingText/JointSphere.uasset" 143
"../../../Engine/Content/VREditor/FloatingText/LineSegmentCylinder.uasset" 144
"../../../Engine/Content/VREditor/Fonts/VRText_RobotoLarge.uasset" 145
"../../../Engine/Content/VREditor/Fonts/VRTextMaterial.uasset" 146
"../../../Engine/Content/VREditor/Fonts/TranslucentVRTextMaterial.uasset" 147
"../../../Engine/Content/VREditor/LaserPointer/VR_LaserPower_01.uasset" 148
"../../../Engine/Content/VREditor/LaserPointer/LaserPointerMaterial.uasset" 149
"../../../Engine/Content/VREditor/LaserPointer/LaserPointerMaterialInst.uasset" 150
"../../../Engine/Content/VREditor/LaserPointer/TranslucentLaserPointerMaterialInst.uasset" 151
"../../../Engine/Content/VREditor/LaserPointer/LaserPointerMesh.uasset" 152
"../../../Engine/Content/VREditor/Sounds/VR_grab_Cue.uasset" 153
"../../../Engine/Content/VREditor/Sounds/VR_teleport_Cue.uasset" 154
"../../../Engine/Content/VREditor/TransformGizmo/TransformGizmoMaterial.uasset" 155
"../../../Engine/Content/VREditor/TransformGizmo/TranslucentTransformGizmoMaterial.uasset" 156
"../../../Engine/Content/VREditor/TransformGizmo/BoundingBoxCorner.uasset" 157
"../../../Engine/Content/VREditor/TransformGizmo/BoundingBoxEdge.uasset" 158
"../../../Engine/Content/VREditor/TransformGizmo/PlaneTranslationHandle.uasset" 159
"../../../Engine/Content/VREditor/TransformGizmo/RotationHandle.uasset" 160
"../../../Engine/Content/VREditor/TransformGizmo/RotationHandleFull.uasset" 161
"../../../Engine/Content/VREditor/TransformGizmo/StretchingHandle.uasset" 162
"../../../Engine/Content/VREditor/TransformGizmo/TranslateHandleLong.uasset" 163
"../../../Engine/Content/VREditor/TransformGizmo/TranslationHandle.uasset" 164
"../../../Engine/Content/VREditor/TransformGizmo/UniformScaleHandle.uasset" 165
"../../../Engine/Content/VREditor/UI/CloseButtonMesh.uasset" 166
"../../../Engine/Content/VREditor/UI/SelectionBarMesh.uasset" 167
"../../../Engine/Content/Functions/Engine_MaterialFunctions01/Gradient/RadialGradient.uasset" 168
"../../../Engine/Content/VREditor/WorldMovementGrid/SimpleGrid.uasset" 169
"../../../Engine/Content/VREditor/WorldMovementGrid/GridMaterial.uasset" 170
"../../../Engine/Content/Functions/Engine_MaterialFunctions01/Density/ExponentialDensity.uasset" 171
"../../../Engine/Content/VREditor/WorldMovementGrid/GridPostProcess.uasset" 172
"../../../Engine/Content/EditorLandscapeResources/FlattenHeightMat.uasset" 173
"../../../Engine/Content/VREditor/WorldMovementGrid/PlaneMesh.uasset" 174
"../../../Umbra/Content/Switch.uasset" 175
"../../../Umbra/Content/Switch_Mat.uasset" 176
"../../../Engine/Content/EngineMaterials/WorldGridMaterial.uasset" 177
"../../../Engine/Content/BasicShapes/Cube.uasset" 178
"../../../Umbra/Content/BottomElevatorSwitch_Blueprint.uasset" 179
"../../../Engine/Content/BasicShapes/BasicShapeMaterial.uasset" 180
"../../../Umbra/Content/Cube6_Blueprint.uasset" 181
"../../../Engine/Content/Functions/Engine_MaterialFunctions01/Gradient/LinearGradient.uasset" 182
"../../../Engine/Content/Functions/Engine_MaterialFunctions01/ImageAdjustment/CheapContrast.uasset" 183
"../../../Engine/Content/Functions/Engine_MaterialFunctions01/Texturing/WorldAlignedTexture.uasset" 184
"../../../Engine/Content/Functions/Engine_MaterialFunctions02/Utility/BreakOutFloat3Components.uasset" 185
"../../../Engine/Content/Functions/Engine_MaterialFunctions02/Utility/MakeFloat3.uasset" 186
"../../../Umbra/Content/StarterContent/Textures/T_Perlin_Noise_M.uasset" 187
"../../../Umbra/Content/StarterContent/Textures/T_Wood_Floor_Walnut_D.uasset" 188
"../../../Umbra/Content/StarterContent/Textures/T_Wood_Floor_Walnut_M.uasset" 189
"../../../Umbra/Content/StarterContent/Textures/T_Wood_Floor_Walnut_N.uasset" 190
"../../../Umbra/Content/M_Wood_Floor_Walnut_Polished.uasset" 191
"../../../Umbra/Content/empty_bookshelf.uasset" 192
"../../../Umbra/Content/EndMe.uasset" 193
"../../../Umbra/Content/EndMe_Mat.uasset" 194
"../../../Umbra/Content/EvilStatue.uasset" 195
"../../../Umbra/Content/EvilStatue_DM.uasset" 196
"../../../Umbra/Content/KeyThing.uasset" 197
"../../../Umbra/Content/Long_Elevator_Blueprint.uasset" 198
"../../../Engine/Content/Functions/Engine_MaterialFunctions02/Texturing/ScreenAlignedPixelToPixelUVs.uasset" 199
"../../../Engine/Content/EngineMaterials/Good64x64TilingNoiseHighFreq.uasset" 200
"../../../Engine/Content/Functions/Engine_MaterialFunctions02/Utility/DitherTemporalAA.uasset" 201
"../../../Umbra/Content/NewMaterial.uasset" 202
"../../../Umbra/Content/SkyTechWorld_Fountain.uasset" 203
"../../../Engine/Content/EditorBlueprintResources/StandardMacros.uasset" 204
"../../../Umbra/Content/courtyard/Step_1_Blueprint.uasset" 205
"../../../Umbra/Content/Other_Switch.uasset" 206
"../../../Umbra/Content/Other_Switch_Mat.uasset" 207
"../../../Umbra/Content/StepsSwitch_Blueprint.uasset" 208
"../../../Umbra/Content/None.uasset" 209
"../../../Umbra/Content/Tower.uasset" 210
"../../../Umbra/Content/water.uasset" 211
"../../../Umbra/Content/Mannequin/Character/Mesh/UE4_Mannequin_Skeleton.uasset" 212
"../../../Umbra/Content/Mannequin/Animations/ThirdPerson_Jump.uasset" 213
"../../../Umbra/Content/Mannequin/Animations/ThirdPersonJump_Loop.uasset" 214
"../../../Umbra/Content/Mannequin/Animations/ThirdPersonJump_Start.uasset" 215
"../../../Umbra/Content/Mannequin/Animations/ThirdPersonIdle.uasset" 216
"../../../Umbra/Content/Mannequin/Animations/ThirdPersonRun.uasset" 217
"../../../Umbra/Content/Mannequin/Animations/ThirdPersonWalk.uasset" 218
"../../../Umbra/Content/Mannequin/Animations/ThirdPerson_IdleRun_2D.uasset" 219
"../../../Umbra/Content/Mannequin/Animations/ThirdPerson_AnimBP.uasset" 220
"../../../Umbra/Content/StarterContent/Particles/Materials/M_Radial_Gradient.uasset" 221
"../../../Umbra/Content/important_shit/MarkerParticles.uasset" 222
"../../../Umbra/Content/important_shit/Marker.uasset" 223
"../../../Engine/Content/Functions/Engine_MaterialFunctions01/Gradient/RadialGradientExponential.uasset" 224
"../../../Engine/Content/Functions/Engine_MaterialFunctions01/Texturing/ScaleUVsByCenter.uasset" 225
"../../../Engine/Content/Functions/Engine_MaterialFunctions02/ScreenResolution.uasset" 226
"../../../Engine/Content/Functions/Engine_MaterialFunctions02/Texturing/ScreenAlignedUVs.uasset" 227
"../../../Umbra/Content/important_shit/PlayerInfo.uasset" 228
"../../../Umbra/Content/important_shit/EyeClose.uasset" 229
"../../../Engine/Content/Functions/Engine_MaterialFunctions02/Utility/BlendAngleCorrectedNormals.uasset" 230
"../../../Engine/Content/Functions/MaterialLayerFunctions/MatLayerBlend_NormalBlend.uasset" 231
"../../../Engine/Content/Functions/MaterialLayerFunctions/MatLayerBlend_Simple.uasset" 232
"../../../Umbra/Content/Mannequin/Character/Materials/MaterialLayers/T_ML_Rubber_Blue_01_D.uasset" 233
"../../../Umbra/Content/Mannequin/Character/Materials/MaterialLayers/T_ML_Rubber_Blue_01_N.uasset" 234
"../../../Umbra/Content/Mannequin/Character/Materials/MaterialLayers/ML_GlossyBlack_Latex_UE4.uasset" 235
"../../../Umbra/Content/Mannequin/Character/Materials/MaterialLayers/ML_Plastic_Shiny_Beige.uasset" 236
"../../../Umbra/Content/Mannequin/Character/Textures/UE4_LOGO_CARD.uasset" 237
"../../../Umbra/Content/Mannequin/Character/Materials/MaterialLayers/ML_Plastic_Shiny_Beige_LOGO.uasset" 238
"../../../Umbra/Content/Mannequin/Character/Materials/MaterialLayers/T_ML_Aluminum01.uasset" 239
"../../../Umbra/Content/Mannequin/Character/Materials/MaterialLayers/T_ML_Aluminum01_N.uasset" 240
"../../../Umbra/Content/Mannequin/Character/Materials/MaterialLayers/ML_SoftMetal_UE4.uasset" 241
"../../../Umbra/Content/Mannequin/Character/Textures/UE4_Mannequin__normals.uasset" 242
"../../../Umbra/Content/Mannequin/Character/Textures/UE4_Mannequin_MAT_MASKA.uasset" 243
"../../../Umbra/Content/Mannequin/Character/Materials/M_UE4Man_Body.uasset" 244
"../../../Umbra/Content/Mannequin/Character/Textures/UE4Man_Logo_N.uasset" 245
"../../../Umbra/Content/Mannequin/Character/Materials/M_UE4Man_ChestLogo.uasset" 246
"../../../Umbra/Content/Mannequin/Character/Mesh/SK_Mannequin_PhysicsAsset.uasset" 247
"../../../Umbra/Content/Mannequin/Character/Mesh/SK_Mannequin.uasset" 248
"../../../Umbra/Content/important_shit/AsplodeBro.uasset" 249
"../../../Umbra/Content/important_shit/StatueType.uasset" 250
"../../../Umbra/Content/important_shit/ThirdPersonCharacter.uasset" 251
"../../../Umbra/Content/important_shit/StatueAI.uasset" 252
"../../../Umbra/Content/eyemat.uasset" 253
"../../../Umbra/Content/StarterContent/Textures/T_MacroVariation.uasset" 254
"../../../Umbra/Content/StarterContent/Textures/T_Metal_Rust_D.uasset" 255
"../../../Umbra/Content/StarterContent/Textures/T_Metal_Rust_N.uasset" 256
"../../../Umbra/Content/StarterContent/Materials/M_Metal_Rust.uasset" 257
"../../../Umbra/Content/eyes.uasset" 258
"../../../Umbra/Content/important_shit/Statue.uasset" 259
"../../../Umbra/Content/Blueprints/Bridge_Switch.uasset" 260
"../../../Umbra/Content/courtyard/Step_10_Blueprint.uasset" 261
"../../../Umbra/Content/courtyard/Step_2_Blueprint.uasset" 262
"../../../Umbra/Content/courtyard/Step_3_Blueprint.uasset" 263
"../../../Umbra/Content/courtyard/Step_4_Blueprint.uasset" 264
"../../../Umbra/Content/courtyard/Step_5_Blueprint.uasset" 265
"../../../Umbra/Content/courtyard/Step_6_Blueprint.uasset" 266
"../../../Umbra/Content/courtyard/Step_7_Blueprint.uasset" 267
"../../../Umbra/Content/courtyard/Step_8_Blueprint.uasset" 268
"../../../Umbra/Content/courtyard/Step_9_Blueprint.uasset" 269
"../../../Umbra/Content/courtyard/ThrowingBlueprintsInhere/Stairs_Switch.uasset" 270
"../../../Umbra/Content/Geometry/Meshes/CubeMaterial.uasset" 271
"../../../Umbra/Content/Geometry/Meshes/1M_Cube.uasset" 272
"../../../Umbra/Content/Geometry/Meshes/1M_Cube_Chamfer.uasset" 273
"../../../Umbra/Content/Geometry/Meshes/TemplateFloor.uasset" 274
"../../../Umbra/Content/important_shit/ded.uasset" 275
"../../../Umbra/Content/important_shit/UmbraPlayerController.uasset" 276
"../../../Umbra/Content/important_shit/ThirdPersonGameMode.uasset" 277
"../../../Umbra/Content/Mannequin/Animations/ThirdPersonJump_End.uasset" 278
"../../../Umbra/Content/Maps/circlewindowwall.uasset" 279
"../../../Umbra/Content/Maps/circlewindowwallwithwindows.uasset" 280
"../../../Umbra/Content/StarterContent/Materials/M_Basic_Wall.uasset" 281
"../../../Umbra/Content/StarterContent/Architecture/Pillar_50x500.uasset" 282
"../../../Umbra/Content/StarterContent/Architecture/Wall_400x300.uasset" 283
"../../../Umbra/Content/StarterContent/Architecture/Wall_400x400.uasset" 284
"../../../Umbra/Content/StarterContent/Architecture/Wall_500x500.uasset" 285
"../../../Umbra/Content/StarterContent/Architecture/Wall_Door_400x400.uasset" 286
"../../../Umbra/Content/StarterContent/Audio/Light01_Cue.uasset" 287
"../../../Umbra/Content/StarterContent/Audio/Light02_Cue.uasset" 288
"../../../Umbra/Content/StarterContent/Audio/Explosion_Cue.uasset" 289
"../../../Umbra/Content/StarterContent/Textures/T_Burst_M.uasset" 290
"../../../Umbra/Content/StarterContent/Particles/Materials/M_Burst.uasset" 291
"../../../Umbra/Content/StarterContent/Textures/T_Explosion_SubUV.uasset" 292
"../../../Umbra/Content/StarterContent/Particles/Materials/M_explosion_subUV.uasset" 293
"../../../Umbra/Content/StarterContent/Particles/Materials/m_flare_01.uasset" 294
"../../../Umbra/Content/StarterContent/Particles/Materials/M_radial_ramp.uasset" 295
"../../../Umbra/Content/StarterContent/Textures/T_Smoke_SubUV.uasset" 296
"../../../Umbra/Content/StarterContent/Textures/T_Smoke_Tiled_D.uasset" 297
"../../../Umbra/Content/StarterContent/Particles/Materials/M_smoke_subUV.uasset" 298
"../../../Umbra/Content/StarterContent/Particles/P_Explosion.uasset" 299
"../../../Umbra/Content/StarterContent/Blueprints/Blueprint_Effect_Explosion.uasset" 300
"../../../Engine/Content/EditorMeshes/ColorCalibrator/T_ColorGrid.uasset" 301
"../../../Umbra/Content/StarterContent/Materials/M_ColorGrid_LowSpec.uasset" 302
"../../../Umbra/Content/StarterContent/Textures/T_Bush_D.uasset" 303
"../../../Umbra/Content/StarterContent/Textures/T_Bush_N.uasset" 304
"../../../Umbra/Content/StarterContent/Props/Materials/M_Bush.uasset" 305
"../../../Umbra/Content/StarterContent/Props/SM_Bush.uasset" 306
"../../../Umbra/Content/StarterContent/Textures/T_Chair_M.uasset" 307
"../../../Umbra/Content/StarterContent/Textures/T_Chair_N.uasset" 308
"../../../Umbra/Content/StarterContent/Props/Materials/M_Chair.uasset" 309
"../../../Umbra/Content/StarterContent/Props/SM_Couch.uasset" 310
"../../../Umbra/Content/StarterContent/Materials/M_Glass.uasset" 311
"../../../Umbra/Content/StarterContent/Textures/T_Door_M.uasset" 312
"../../../Umbra/Content/StarterContent/Textures/T_Door_N.uasset" 313
"../../../Umbra/Content/StarterContent/Props/Materials/M_Door.uasset" 314
"../../../Umbra/Content/StarterContent/Props/SM_Door.uasset" 315
"../../../Umbra/Content/StarterContent/Props/Materials/M_MaterialSphere.uasset" 316
"../../../Umbra/Content/StarterContent/Props/Materials/M_MaterialSphere_Plain.uasset" 317
"../../../Umbra/Content/StarterContent/Props/SM_MatPreviewMesh_02.uasset" 318
"../../../Umbra/Content/StarterContent/Textures/T_Detail_Rocky_N.uasset" 319
"../../../Umbra/Content/StarterContent/Textures/T_Rock_Basalt_D.uasset" 320
"../../../Umbra/Content/StarterContent/Textures/T_RockMesh_M.uasset" 321
"../../../Umbra/Content/StarterContent/Textures/T_RockMesh_N.uasset" 322
"../../../Umbra/Content/StarterContent/Props/Materials/M_Rock.uasset" 323
"../../../Umbra/Content/StarterContent/Props/SM_Rock.uasset" 324
"../../../Umbra/Content/StarterContent/Textures/T_Shelf_M.uasset" 325
"../../../Umbra/Content/StarterContent/Textures/T_Shelf_N.uasset" 326
"../../../Umbra/Content/StarterContent/Props/Materials/M_Shelf.uasset" 327
"../../../Umbra/Content/StarterContent/Props/SM_Shelf.uasset" 328
"../../../Umbra/Content/StarterContent/Materials/M_Basic_Floor.uasset" 329
"../../../Umbra/Content/StarterContent/Props/SM_Stairs.uasset" 330
"../../../Umbra/Content/StarterContent/Shapes/Shape_Cone.uasset" 331
"../../../Umbra/Content/StarterContent/Shapes/Shape_Cylinder.uasset" 332
"../../../Umbra/Content/StarterContent/Shapes/Shape_NarrowCapsule.uasset" 333
"../../../Umbra/Content/StarterContent/Shapes/Shape_Pipe.uasset" 334
"../../../Umbra/Content/StarterContent/Shapes/Shape_Pipe_180.uasset" 335
"../../../Umbra/Content/StarterContent/Shapes/Shape_Pipe_90.uasset" 336
"../../../Umbra/Content/StarterContent/Shapes/Shape_Plane.uasset" 337
"../../../Umbra/Content/StarterContent/Shapes/Shape_Torus.uasset" 338
"../../../Umbra/Content/StarterContent/Shapes/Shape_Trim.uasset" 339
"../../../Umbra/Content/StarterContent/Shapes/Shape_Trim_90_In.uasset" 340
"../../../Umbra/Content/StarterContent/Shapes/Shape_Trim_90_Out.uasset" 341
"../../../Umbra/Content/StarterContent/Shapes/Shape_TriPyramid.uasset" 342
"../../../Umbra/Content/StarterContent/Shapes/Shape_Tube.uasset" 343
"../../../Umbra/Content/StarterContent/Shapes/Shape_Wedge_A.uasset" 344
"../../../Umbra/Content/StarterContent/Shapes/Shape_Wedge_B.uasset" 345
"../../../Umbra/Content/StarterContent/Shapes/Shape_WideCapsule.uasset" 346
"../../../Umbra/Content/ThirdPerson/Meshes/RampMaterial.uasset" 347
"../../../Umbra/Content/ThirdPerson/Meshes/Bump_StaticMesh.uasset" 348
"../../../Umbra/Content/ThirdPerson/Meshes/LeftArm_StaticMesh.uasset" 349
"../../../Umbra/Content/ThirdPerson/Meshes/Linear_Stair_StaticMesh.uasset" 350
"../../../Umbra/Content/ThirdPerson/Meshes/Ramp_StaticMesh.uasset" 351
"../../../Umbra/Content/ThirdPerson/Meshes/RightArm_StaticMesh.uasset" 352
"../../../Umbra/Content/ThirdPersonBP/ThirdPersonOverview.uasset" 353
"../../../Umbra/Content/ThirdPersonBP/Maps/ThirdPersonExampleMap_BuiltData.uasset" 354
"../../../Umbra/Content/ZachGEO/GEO_BuildingBulge.uasset" 355
"../../../Umbra/Content/ZachGEO/GEO_Chimney.uasset" 356
"../../../Umbra/Content/ZachGEO/Material.uasset" 357
"../../../Umbra/Content/ZachGEO/Material_001.uasset" 358
"../../../Umbra/Content/ZachGEO/Material_002.uasset" 359
"../../../Umbra/Content/ZachGEO/GEO_CraneLiftPlatform.uasset" 360
"../../../Umbra/Content/ZachGEO/GEO_End.uasset" 361
"../../../Umbra/Content/ZachGEO/GEO_Hexagon.uasset" 362
"../../../Umbra/Content/ZachGEO/GEO_HexagonRoof.uasset" 363
"../../../Umbra/Content/ZachGEO/GEO_Midsection.uasset" 364
"../../../Umbra/Content/ZachGEO/GEO_OldBuilding.uasset" 365
"../../../Umbra/Content/ZachGEO/GEO_Pentagon.uasset" 366
"../../../Umbra/Content/ZachGEO/GEO_RoofEnd1.uasset" 367
"../../../Umbra/Content/ZachGEO/GEO_RoofEnd2.uasset" 368
"../../../Umbra/Content/ZachGEO/GEO_RoofMid1.uasset" 369
"../../../Umbra/Content/ZachGEO/GEO_RoofMid2.uasset" 370
"../../../Umbra/Content/ZachGEO/GEO_RoofPointed.uasset" 371
"../../../Umbra/Content/ZachGEO/GEO_Smokestack.uasset" 372
"../../../Umbra/Content/ZachGEO/GEO_Tower.uasset" 373
"../../../Umbra/Content/ZachGEO/GEO_Window1.uasset" 374
"../../../Umbra/Content/ZachGEO/GEO_Window2.uasset" 375
"../../../Umbra/Content/ZachGEO/ZachGEO/GEO_Balcony1.uasset" 376
"../../../Umbra/Content/ZachGEO/ZachGEO/GEO_BuildingBulge.uasset" 377
"../../../Umbra/Content/ZachGEO/ZachGEO/GEO_Cheese.uasset" 378
"../../../Umbra/Content/ZachGEO/ZachGEO/GEO_Chimney.uasset" 379
"../../../Umbra/Content/ZachGEO/ZachGEO/GEO_CraneFinal3.uasset" 380
"../../../Umbra/Content/ZachGEO/ZachGEO/GEO_CraneLiftPlatform.uasset" 381
"../../../Umbra/Content/ZachGEO/ZachGEO/GEO_Hexagon.uasset" 382
"../../../Umbra/Content/ZachGEO/ZachGEO/GEO_HexagonRoof.uasset" 383
"../../../Umbra/Content/ZachGEO/ZachGEO/GEO_RoofEnd2.uasset" 384
"../../../Umbra/Content/ZachGEO/ZachGEO/GEO_RoofEnd3.uasset" 385
"../../../Umbra/Content/ZachGEO/ZachGEO/GEO_RoofPointed.uasset" 386
"../../../Umbra/Content/StarterContent/Textures/T_Metal_Steel_D.uasset" 387
"../../../Umbra/Content/StarterContent/Textures/T_Metal_Steel_N.uasset" 388
"../../../Umbra/Content/StarterContent/Materials/M_Metal_Steel.uasset" 389
"../../../Umbra/Content/ZachGEO/ZachGEO/GEO_Smokestack.uasset" 390
"../../../Umbra/Content/ZachGEO/ZachGEO/GEO_Tower.uasset" 391
"../../../Umbra/Content/ZachGEO/ZachGEO/heckeduproof.uasset" 392
"../../../Umbra/Content/ZachGEO/ZachGEO/Material.uasset" 393
"../../../Umbra/Content/ZachGEO/ZachGEO/Material_001.uasset" 394
"../../../Umbra/Content/ZachGEO/ZachGEO/Material_002.uasset" 395
"../../../Umbra/Content/ZachGEO/ZachGEO/ULTIMATEARCHWAY.uasset" 396
"../../../Umbra/Content/ZachGEO/ZachGEO/FBX/GEO_Arch.uasset" 397
"../../../Umbra/Content/ZachGEO/ZachGEO/FBX/GEO_BridgeSegment.uasset" 398
"../../../Umbra/Content/ZachGEO/ZachGEO/FBX/GEO_BuildingBulge.uasset" 399
"../../../Umbra/Content/ZachGEO/ZachGEO/FBX/GEO_Chimney.uasset" 400
"../../../Engine/Plugins/2D/Paper2D/Content/DummySprite.uasset" 401
"../../../Engine/Plugins/2D/Paper2D/Content/DefaultPaperTerrainMaterial.uasset" 402
"../../../Engine/Plugins/2D/Paper2D/Content/DefaultSpriteMaterial.uasset" 403
"../../../Engine/Plugins/2D/Paper2D/Content/MaskedUnlitSpriteMaterial.uasset" 404
"../../../Engine/Plugins/2D/Paper2D/Content/OpaqueUnlitSpriteMaterial.uasset" 405
"../../../Engine/Plugins/2D/Paper2D/Content/PlaceholderTextures/DummySpriteTexture.uasset" 406
"../../../Umbra/Content/courtyard/Emma.umap" 407
"../../../Umbra/Content/Alfred.umap" 408
"../../../Umbra/Content/StarterContent/Textures/T_Metal_Aluminum_D.uasset" 409
"../../../Umbra/Content/StarterContent/Textures/T_Metal_Gold_N.uasset" 410
"../../../Umbra/Content/M_Metal_Burnished_Steel.uasset" 411
"../../../Umbra/Content/lamp.uasset" 412
"../../../Umbra/Content/StarterContent/Textures/T_Fire_SubUV.uasset" 413
"../../../Umbra/Content/StarterContent/Textures/T_Fire_Tiled_D.uasset" 414
"../../../Umbra/Content/StarterContent/Particles/Materials/M_Fire_SubUV.uasset" 415
"../../../Umbra/Content/StarterContent/Textures/T_Water_N.uasset" 416
"../../../Umbra/Content/StarterContent/Particles/Materials/M_Heat_Distortion.uasset" 417
"../../../Umbra/Content/StarterContent/Particles/P_Fire2.uasset" 418
"../../../Umbra/Content/lampppp.uasset" 419
"../../../Umbra/Content/StarterContent/Architecture/Wall_400x200.uasset" 420
"../../../Umbra/Content/throne.uasset" 421
"../../../Umbra/Content/StarterContent/Textures/T_Brick_Cut_Stone_D.uasset" 422
"../../../Umbra/Content/StarterContent/Textures/T_Brick_Cut_Stone_N.uasset" 423
"../../../Umbra/Content/StarterContent/Textures/T_Metal_Gold_D.uasset" 424
"../../../Umbra/Content/M_Brick_Cut_Stone.uasset" 425
"../../../Umbra/Content/wall_copy.uasset" 426
"../../../Umbra/Content/wall_ruin_3.uasset" 427
"../../../Umbra/Content/wall_w_thin_windows_2.uasset" 428
"../../../Umbra/Content/CHRIS.umap" 429
"../../../Umbra/Content/Extra.umap" 430
"../../../Umbra/Content/StarterContent/Materials/M_Brick_Cut_Stone.uasset" 431
"../../../Umbra/Content/StarterContent/Materials/M_Metal_Burnished_Steel.uasset" 432
"../../../Engine/Content/EngineMaterials/DefaultPhysicalMaterial.uasset" 433
"../../../Umbra/Content/ZachGEO/GEO_Arch.uasset" 434
"../../../Umbra/Content/FullCastle.umap" 435
"../../../Umbra/Content/StarterContent/Materials/M_Metal_Gold.uasset" 436
"../../../Umbra/Content/ArchDoor.uasset" 437
"../../../Umbra/Content/Blueprints/ArchDoor.uasset" 438
"../../../Engine/Content/Functions/Engine_MaterialFunctions01/Opacity/AlphaOffset.uasset" 439
"../../../Umbra/Content/StarterContent/Materials/M_Wood_Floor_Walnut_Worn.uasset" 440
"../../../Umbra/Content/SwitchDoor.uasset" 441
"../../../Umbra/Content/Blueprints/SwitchDoor.uasset" 442
"../../../Engine/Content/EngineSky/C_Sky_Cloud_Color.uasset" 443
"../../../Engine/Content/EngineSky/C_Sky_Horizon_Color.uasset" 444
"../../../Engine/Content/EngineSky/C_Sky_Zenith_Color.uasset" 445
"../../../Engine/Content/EngineSky/T_Sky_Blue.uasset" 446
"../../../Engine/Content/EngineSky/T_Sky_Clouds_M.uasset" 447
"../../../Engine/Content/EngineSky/T_Sky_Stars.uasset" 448
"../../../Umbra/Content/M_Sky_Panning_Clouds2.uasset" 449
"../../../Engine/Content/EngineSky/M_Sky_Panning_Clouds2.uasset" 450
"../../../Engine/Content/EngineSky/SM_SkySphere.uasset" 451
"../../../Umbra/Content/BP_Sky_Sphere.uasset" 452
"../../../Umbra/Content/Door.uasset" 453
"../../../Umbra/Content/Door_Blueprint.uasset" 454
"../../../Umbra/Content/important_shit/win.uasset" 455
"../../../Umbra/Content/ENDGAME.uasset" 456
"../../../Umbra/Content/key.uasset" 457
"../../../Umbra/Content/key_Blueprint.uasset" 458
"../../../Umbra/Content/cloth.uasset" 459
"../../../Umbra/Content/cloth_Mat.uasset" 460
"../../../Umbra/Content/M_Brick_Cut_Stone_2.uasset" 461
"../../../Umbra/Content/M_Metal_Gold.uasset" 462
"../../../Umbra/Content/StarterContent/Textures/T_Brick_Clay_Beveled_D.uasset" 463
"../../../Umbra/Content/StarterContent/Textures/T_Brick_Clay_Beveled_M.uasset" 464
"../../../Umbra/Content/StarterContent/Textures/T_Brick_Clay_Beveled_N.uasset" 465
"../../../Umbra/Content/StarterContent/Materials/M_Brick_Clay_Beveled.uasset" 466
"../../../Umbra/Content/StarterContent/Textures/T_Brick_Hewn_Stone_D.uasset" 467
"../../../Umbra/Content/StarterContent/Textures/T_Brick_Hewn_Stone_M.uasset" 468
"../../../Umbra/Content/StarterContent/Textures/T_Brick_Hewn_Stone_N.uasset" 469
"../../../Umbra/Content/StarterContent/Materials/M_Brick_Hewn_Stone.uasset" 470
"../../../Umbra/Content/StarterContent/Textures/T_CobbleStone_Smooth_D.uasset" 471
"../../../Umbra/Content/StarterContent/Textures/T_CobbleStone_Smooth_M.uasset" 472
"../../../Umbra/Content/StarterContent/Textures/T_CobbleStone_Smooth_N.uasset" 473
"../../../Umbra/Content/StarterContent/Textures/T_Gradinet_01.uasset" 474
"../../../Umbra/Content/StarterContent/Textures/T_Rock_Smooth_Granite_D.uasset" 475
"../../../Umbra/Content/StarterContent/Materials/M_CobbleStone_Smooth.uasset" 476
"../../../Umbra/Content/StarterContent/Textures/T_Concrete_Poured_D.uasset" 477
"../../../Umbra/Content/StarterContent/Textures/T_Concrete_Poured_N.uasset" 478
"../../../Umbra/Content/StarterContent/Materials/M_Concrete_Poured.uasset" 479
"../../../Umbra/Content/StarterContent/Materials/M_Wood_Floor_Walnut_Polished.uasset" 480
"../../../Umbra/Content/birdbath_table.uasset" 481
"../../../Umbra/Content/books_texture_3.uasset" 482
"../../../Umbra/Content/ahhhh.uasset" 483
"../../../Umbra/Content/blinn1.uasset" 484
"../../../Umbra/Content/books_texture_4.uasset" 485
"../../../Umbra/Content/book_texture_4.uasset" 486
"../../../Umbra/Content/books_texture_6.uasset" 487
"../../../Umbra/Content/books2.uasset" 488
"../../../Umbra/Content/books_texture_5.uasset" 489
"../../../Umbra/Content/bookstexture1.uasset" 490
"../../../Umbra/Content/bookcase_with_books.uasset" 491
"../../../Umbra/Content/geometric_arches.uasset" 492
"../../../Umbra/Content/pedestal_thing_3.uasset" 493
"../../../Umbra/Content/drawing.uasset" 494
"../../../Umbra/Content/drawing_Mat.uasset" 495
"../../../Umbra/Content/StarterContent/Textures/T_Wood_Oak_D.uasset" 496
"../../../Umbra/Content/StarterContent/Textures/T_Wood_Oak_N.uasset" 497
"../../../Umbra/Content/StarterContent/Materials/M_Wood_Oak.uasset" 498
"../../../Umbra/Content/picture_frame.uasset" 499
"../../../Umbra/Content/roof.uasset" 500
"../../../Umbra/Content/StarterContent/Architecture/Wall_Door_400x300.uasset" 501
"../../../Umbra/Content/StarterContent/Architecture/Wall_Window_400x400.uasset" 502
"../../../Umbra/Content/StarterContent/HDRI/HDRI_Epic_Courtyard_Daylight.uasset" 503
"../../../Umbra/Content/table_01.uasset" 504
"../../../Umbra/Content/tapestry.uasset" 505
"../../../Umbra/Content/ZachGEO/GEO_Column.uasset" 506
"../../../Umbra/Content/ZachGEO/ZachGEO/GEO_Column.uasset" 507
"../../../Umbra/Content/WorkingDemo.umap" 508
"../../../Umbra/Content/backup/CHRIS.umap" 509
"../../../Umbra/Content/backup/Extra.umap" 510
"../../../Umbra/Content/backup/FullCastle.umap" 511
"../../../Engine/Content/EngineSky/BP_Sky_Sphere.uasset" 512
"../../../Umbra/Content/backup/WorkingDemo.umap" 513
"../../../Umbra/Content/courtyard/Chris.umap" 514
"../../../Engine/Content/Maps/Entry.umap" 515
"../../../Umbra/Content/Top_elevator_switch_Blueprint.uasset" 516
"../../../Umbra/Content/Bottom_Switch_Blueprint.uasset" 517
"../../../Umbra/Content/courtyard/Elevator_Blueprint.uasset" 518
"../../../Umbra/Content/courtyard/ElevatorSwitch_Blueprint.uasset" 519
"../../../Umbra/Content/stairTHING.uasset" 520
"../../../Umbra/Content/StarterContent/Textures/T_CobbleStone_Rough_D.uasset" 521
"../../../Umbra/Content/StarterContent/Textures/T_CobbleStone_Rough_N.uasset" 522
"../../../Umbra/Content/StarterContent/Materials/M_CobbleStone_Rough.uasset" 523
"../../../Umbra/Content/courtyard/Jacob.umap" 524
"../../../Umbra/Content/courtyard/Jay.umap" 525
"../../../Umbra/Content/courtyard/Justin.umap" 526
"../../../Umbra/Content/courtyard/main.umap" 527
"../../../Umbra/Content/courtyard/Michael.umap" 528
"../../../Umbra/Content/courtyard/Zack.umap" 529
"../../../Engine/Content/MapTemplates/SM_Template_Map_Floor.uasset" 530
"../../../Umbra/Content/wall3vers2.uasset" 531
"../../../Umbra/Content/Maps/Emmatest.umap" 532
"../../../Umbra/Content/StarterContent/Blueprints/Assets/FogBrightnessLUT.uasset" 533
"../../../Umbra/Content/StarterContent/Blueprints/Assets/SunlightColorLUT.uasset" 534
"../../../Umbra/Content/StarterContent/Blueprints/Assets/M_LightStage_Arrows.uasset" 535
"../../../Engine/Content/MapTemplates/Sky/DaylightAmbientCubemap.uasset" 536
"../../../Umbra/Content/StarterContent/Blueprints/Assets/M_LightStage_Skybox_Master.uasset" 537
"../../../Umbra/Content/StarterContent/Blueprints/Assets/M_LightStage_Skybox_Black.uasset" 538
"../../../Umbra/Content/StarterContent/Blueprints/Assets/M_LightStage_Skybox_HDRI.uasset" 539
"../../../Engine/Content/EditorMaterials/Thumbnails/SkySphereMaterial.uasset" 540
"../../../Umbra/Content/StarterContent/Blueprints/Assets/Skybox.uasset" 541
"../../../Umbra/Content/StarterContent/Blueprints/Assets/SM_Arrows.uasset" 542
"../../../Umbra/Content/StarterContent/Blueprints/BP_LightStudio.uasset" 543
"../../../Umbra/Content/StarterContent/Materials/M_AssetPlatform.uasset" 544
"../../../Engine/Content/EditorMeshes/ColorCalibrator/M_ChromeBall.uasset" 545
"../../../Engine/Content/EditorMeshes/ColorCalibrator/M_ClearCoat.uasset" 546
"../../../Engine/Content/EditorMeshes/ColorCalibrator/M_ClearCoatBlack.uasset" 547
"../../../Engine/Content/EditorMeshes/ColorCalibrator/M_ColorGrid.uasset" 548
"../../../Engine/Content/EditorMeshes/ColorCalibrator/M_GreyBall.uasset" 549
"../../../Engine/Content/EditorMeshes/ColorCalibrator/SM_ColorCalibrator.uasset" 550
"../../../Umbra/Content/StarterContent/Architecture/SM_AssetPlatform.uasset" 551
"../../../Umbra/Content/StarterContent/Maps/Advanced_Lighting.umap" 552
"../../../Umbra/Content/StarterContent/Materials/M_Metal_Brushed_Nickel.uasset" 553
"../../../Umbra/Content/StarterContent/Textures/T_Metal_Copper_D.uasset" 554
"../../../Umbra/Content/StarterContent/Materials/M_Metal_Copper.uasset" 555
"../../../Umbra/Content/StarterContent/Textures/T_Statue_M.uasset" 556
"../../../Umbra/Content/StarterContent/Textures/T_Statue_N.uasset" 557
"../../../Umbra/Content/StarterContent/Props/Materials/M_StatueGlass.uasset" 558
"../../../Umbra/Content/StarterContent/Architecture/Floor_400x400.uasset" 559
"../../../Umbra/Content/StarterContent/Audio/Starter_Background_Cue.uasset" 560
"../../../Umbra/Content/StarterContent/Props/SM_Chair.uasset" 561
"../../../Umbra/Content/StarterContent/Props/Materials/M_Statue.uasset" 562
"../../../Umbra/Content/StarterContent/Props/SM_Statue.uasset" 563
"../../../Umbra/Content/StarterContent/Textures/T_TableRound_M.uasset" 564
"../../../Umbra/Content/StarterContent/Textures/T_TableRound_N.uasset" 565
"../../../Umbra/Content/StarterContent/Props/Materials/M_TableRound.uasset" 566
"../../../Umbra/Content/StarterContent/Props/SM_TableRound.uasset" 567
"../../../Umbra/Content/StarterContent/Maps/Minimal_Default.umap" 568
"../../../Umbra/Content/StarterContent/Audio/Fire01_Cue.uasset" 569
"../../../Umbra/Content/StarterContent/Particles/P_Fire.uasset" 570
"../../../Umbra/Content/StarterContent/Blueprints/Blueprint_Effect_Fire.uasset" 571
"../../../Umbra/Content/StarterContent/Audio/Smoke01_Cue.uasset" 572
"../../../Umbra/Content/StarterContent/Particles/P_Smoke.uasset" 573
"../../../Umbra/Content/StarterContent/Blueprints/Blueprint_Effect_Smoke.uasset" 574
"../../../Umbra/Content/StarterContent/Audio/Fire_Sparks01_Cue.uasset" 575
"../../../Umbra/Content/StarterContent/Textures/T_Spark_Core.uasset" 576
"../../../Umbra/Content/StarterContent/Particles/Materials/M_Spark.uasset" 577
"../../../Umbra/Content/StarterContent/Particles/P_Sparks.uasset" 578
"../../../Umbra/Content/StarterContent/Blueprints/Blueprint_Effect_Sparks.uasset" 579
"../../../Umbra/Content/StarterContent/Audio/Steam01_Cue.uasset" 580
"../../../Umbra/Content/StarterContent/Particles/P_Steam_Lit.uasset" 581
"../../../Umbra/Content/StarterContent/Blueprints/Blueprint_Effect_Steam.uasset" 582
"../../../Umbra/Content/StarterContent/Textures/T_Lamp_M.uasset" 583
"../../../Umbra/Content/StarterContent/Textures/T_Lamp_N.uasset" 584
"../../../Umbra/Content/StarterContent/Props/Materials/M_Lamp.uasset" 585
"../../../Umbra/Content/StarterContent/Props/SM_Lamp_Ceiling.uasset" 586
"../../../Umbra/Content/StarterContent/Blueprints/Blueprint_CeilingLight.uasset" 587
"../../../Umbra/Content/StarterContent/Props/SM_Lamp_Wall.uasset" 588
"../../../Umbra/Content/StarterContent/Blueprints/Blueprint_WallSconce.uasset" 589
"../../../Engine/Content/Functions/Engine_MaterialFunctions03/Procedurals/ComputeFilterWidth.uasset" 590
"../../../Engine/Content/EngineMaterials/AntiAliasedTextMaterialTranslucent.uasset" 591
"../../../Umbra/Content/StarterContent/Textures/T_Brick_Clay_New_D.uasset" 592
"../../../Umbra/Content/StarterContent/Textures/T_Brick_Clay_New_M.uasset" 593
"../../../Umbra/Content/StarterContent/Textures/T_Brick_Clay_New_N.uasset" 594
"../../../Umbra/Content/StarterContent/Materials/M_Brick_Clay_New.uasset" 595
"../../../Umbra/Content/StarterContent/Textures/T_Brick_Clay_Old_D.uasset" 596
"../../../Umbra/Content/StarterContent/Textures/T_Brick_Clay_Old_N.uasset" 597
"../../../Umbra/Content/StarterContent/Materials/M_Brick_Clay_Old.uasset" 598
"../../../Umbra/Content/StarterContent/Textures/T_Ceramic_Tile_M.uasset" 599
"../../../Umbra/Content/StarterContent/Textures/T_Ceramic_Tile_N.uasset" 600
"../../../Umbra/Content/StarterContent/Textures/T_Rock_Marble_Polished_D.uasset" 601
"../../../Umbra/Content/StarterContent/Materials/M_Ceramic_Tile_Checker.uasset" 602
"../../../Umbra/Content/StarterContent/Textures/T_CobbleStone_Pebble_D.uasset" 603
"../../../Umbra/Content/StarterContent/Textures/T_CobbleStone_Pebble_M.uasset" 604
"../../../Umbra/Content/StarterContent/Textures/T_CobbleStone_Pebble_N.uasset" 605
"../../../Umbra/Content/StarterContent/Materials/M_CobbleStone_Pebble.uasset" 606
"../../../Umbra/Content/StarterContent/Textures/T_Concrete_Grime_D.uasset" 607
"../../../Umbra/Content/StarterContent/Materials/M_Concrete_Grime.uasset" 608
"../../../Umbra/Content/StarterContent/Textures/T_Concrete_Panels_D.uasset" 609
"../../../Umbra/Content/StarterContent/Textures/T_Concrete_Panels_N.uasset" 610
"../../../Umbra/Content/StarterContent/Materials/M_Concrete_Panels.uasset" 611
"../../../Umbra/Content/StarterContent/Textures/T_Concrete_Tiles_D.uasset" 612
"../../../Umbra/Content/StarterContent/Textures/T_Concrete_Tiles_M.uasset" 613
"../../../Umbra/Content/StarterContent/Textures/T_Concrete_Tiles_N.uasset" 614
"../../../Umbra/Content/StarterContent/Textures/T_Concrete_Tiles_Variation_M.uasset" 615
"../../../Umbra/Content/StarterContent/Materials/M_Concrete_Tiles.uasset" 616
"../../../Umbra/Content/StarterContent/Textures/T_Ground_Grass_D.uasset" 617
"../../../Umbra/Content/StarterContent/Textures/T_Ground_Grass_N.uasset" 618
"../../../Umbra/Content/StarterContent/Materials/M_Ground_Grass.uasset" 619
"../../../Umbra/Content/StarterContent/Textures/T_Ground_Gravel_D.uasset" 620
"../../../Umbra/Content/StarterContent/Textures/T_Ground_Gravel_N.uasset" 621
"../../../Umbra/Content/StarterContent/Materials/M_Ground_Gravel.uasset" 622
"../../../Umbra/Content/StarterContent/Textures/T_ground_Moss_D.uasset" 623
"../../../Umbra/Content/StarterContent/Textures/T_Ground_Moss_N.uasset" 624
"../../../Umbra/Content/StarterContent/Materials/M_Ground_Moss.uasset" 625
"../../../Umbra/Content/StarterContent/Materials/M_Metal_Chrome.uasset" 626
"../../../Umbra/Content/StarterContent/Textures/T_Rock_Basalt_N.uasset" 627
"../../../Umbra/Content/StarterContent/Materials/M_Rock_Basalt.uasset" 628
"../../../Umbra/Content/StarterContent/Materials/M_Rock_Marble_Polished.uasset" 629
"../../../Umbra/Content/StarterContent/Textures/T_Rock_Sandstone_D.uasset" 630
"../../../Umbra/Content/StarterContent/Textures/T_Rock_Sandstone_N.uasset" 631
"../../../Umbra/Content/StarterContent/Materials/M_Rock_Sandstone.uasset" 632
"../../../Umbra/Content/StarterContent/Textures/T_Rock_Slate_D.uasset" 633
"../../../Umbra/Content/StarterContent/Textures/T_Rock_Slate_N.uasset" 634
"../../../Umbra/Content/StarterContent/Materials/M_Rock_Slate.uasset" 635
"../../../Umbra/Content/StarterContent/Textures/T_Checker_Noise_M.uasset" 636
"../../../Umbra/Content/StarterContent/Textures/T_Single_Tile_N.uasset" 637
"../../../Umbra/Content/StarterContent/Textures/T_Tech_Dot_M.uasset" 638
"../../../Umbra/Content/StarterContent/Textures/T_Tech_Dot_N.uasset" 639
"../../../Umbra/Content/StarterContent/Materials/M_Tech_Checker_Dot.uasset" 640
"../../../Umbra/Content/StarterContent/Textures/T_Tech_Hex_Tile_M.uasset" 641
"../../../Umbra/Content/StarterContent/Textures/T_Tech_Hex_Tile_N.uasset" 642
"../../../Umbra/Content/StarterContent/Materials/M_Tech_Hex_Tile.uasset" 643
"../../../Umbra/Content/StarterContent/Materials/M_Tech_Hex_Tile_Pulse.uasset" 644
"../../../Umbra/Content/StarterContent/Textures/T_Tech_Panel_M.uasset" 645
"../../../Umbra/Content/StarterContent/Textures/T_Tech_Panel_N.uasset" 646
"../../../Umbra/Content/StarterContent/Materials/M_Tech_Panel.uasset" 647
"../../../Umbra/Content/StarterContent/Materials/M_Water_Lake.uasset" 648
"../../../Umbra/Content/StarterContent/Textures/T_Water_M.uasset" 649
"../../../Umbra/Content/StarterContent/Materials/M_Water_Ocean.uasset" 650
"../../../Umbra/Content/StarterContent/Textures/T_Wood_Pine_D.uasset" 651
"../../../Umbra/Content/StarterContent/Textures/T_Wood_Pine_N.uasset" 652
"../../../Umbra/Content/StarterContent/Materials/M_Wood_Pine.uasset" 653
"../../../Umbra/Content/StarterContent/Textures/T_Wood_Walnut_D.uasset" 654
"../../../Umbra/Content/StarterContent/Textures/T_Wood_Walnut_N.uasset" 655
"../../../Umbra/Content/StarterContent/Materials/M_Wood_Walnut.uasset" 656
"../../../Umbra/Content/StarterContent/Architecture/Wall_Window_400x300.uasset" 657
"../../../Umbra/Content/StarterContent/Audio/Collapse_Cue.uasset" 658
"../../../Umbra/Content/StarterContent/Audio/Starter_Music_Cue.uasset" 659
"../../../Umbra/Content/StarterContent/Textures/T_Dust_Particle_D.uasset" 660
"../../../Umbra/Content/StarterContent/Particles/Materials/M_Dust_Particle.uasset" 661
"../../../Umbra/Content/StarterContent/Particles/P_Ambient_Dust.uasset" 662
"../../../Umbra/Content/StarterContent/Props/MaterialSphere.uasset" 663
"../../../Umbra/Content/StarterContent/Textures/T_Frame_M.uasset" 664
"../../../Umbra/Content/StarterContent/Textures/T_Frame_N.uasset" 665
"../../../Umbra/Content/StarterContent/Props/Materials/M_Frame.uasset" 666
"../../../Umbra/Content/StarterContent/Props/SM_CornerFrame.uasset" 667
"../../../Umbra/Content/StarterContent/Props/SM_DoorFrame.uasset" 668
"../../../Umbra/Content/StarterContent/Props/SM_GlassWindow.uasset" 669
"../../../Umbra/Content/StarterContent/Props/SM_PillarFrame.uasset" 670
"../../../Umbra/Content/StarterContent/Props/SM_PillarFrame300.uasset" 671
"../../../Umbra/Content/StarterContent/Props/SM_WindowFrame.uasset" 672
"../../../Umbra/Content/StarterContent/Shapes/Shape_Cube.uasset" 673
"../../../Umbra/Content/StarterContent/Shapes/Shape_QuadPyramid.uasset" 674
"../../../Umbra/Content/StarterContent/Shapes/Shape_Sphere.uasset" 675
"../../../Umbra/Content/StarterContent/Maps/StarterMap.umap" 676
